TN:
SF:app.js
FN:29,(anonymous_0)
FN:36,(anonymous_1)
FN:37,(anonymous_2)
FN:143,(anonymous_3)
FN:153,(anonymous_4)
FN:155,(anonymous_5)
FNF:6
FNH:2
FNDA:1,(anonymous_0)
FNDA:0,(anonymous_1)
FNDA:0,(anonymous_2)
FNDA:1,(anonymous_3)
FNDA:0,(anonymous_4)
FNDA:0,(anonymous_5)
DA:16,1
DA:17,1
DA:18,1
DA:19,1
DA:24,1
DA:25,1
DA:29,1
DA:30,1
DA:35,1
DA:37,0
DA:38,0
DA:39,0
DA:41,0
DA:42,0
DA:44,0
DA:45,0
DA:47,0
DA:137,1
DA:138,1
DA:142,1
DA:143,1
DA:144,1
DA:147,1
DA:153,1
DA:154,0
DA:155,0
DA:156,0
LF:27
LH:16
BRDA:38,0,0,0
BRDA:38,0,1,0
BRDA:41,1,0,0
BRDA:41,1,1,0
BRDA:44,2,0,0
BRDA:44,2,1,0
BRDA:142,3,0,1
BRDA:142,3,1,0
BRF:8
BRH:1
end_of_record
TN:
SF:controllers/polls.js
FN:5,(anonymous_0)
FN:26,validate
FN:67,(anonymous_2)
FN:93,(anonymous_3)
FNF:4
FNH:4
FNDA:4,(anonymous_0)
FNDA:20,validate
FNDA:13,(anonymous_2)
FNDA:9,(anonymous_3)
DA:5,1
DA:6,4
DA:8,4
DA:10,4
DA:11,2
DA:12,1
DA:14,1
DA:15,1
DA:19,3
DA:20,3
DA:28,20
DA:29,12
DA:30,2
DA:34,18
DA:35,9
DA:36,3
DA:37,2
DA:41,15
DA:44,11
DA:45,11
DA:47,6
DA:48,6
DA:52,5
DA:55,11
DA:56,11
DA:57,11
DA:58,5
DA:67,1
DA:69,13
DA:70,13
DA:73,13
DA:74,13
DA:75,1
DA:79,12
DA:82,6
DA:83,2
DA:84,2
DA:88,11
DA:93,1
DA:94,9
DA:96,9
DA:97,9
DA:98,35
DA:99,1
DA:103,8
DA:107,4
DA:108,4
DA:116,1
DA:121,8
LF:49
LH:49
BRDA:11,0,0,1
BRDA:11,0,1,1
BRDA:28,1,0,12
BRDA:28,1,1,8
BRDA:29,2,0,2
BRDA:29,2,1,10
BRDA:29,3,0,12
BRDA:29,3,1,10
BRDA:34,4,0,9
BRDA:34,4,1,9
BRDA:35,5,0,3
BRDA:35,5,1,6
BRDA:35,6,0,9
BRDA:35,6,1,6
BRDA:41,7,0,11
BRDA:41,7,1,4
BRDA:45,8,0,6
BRDA:45,8,1,5
BRDA:57,9,0,5
BRDA:57,9,1,6
BRDA:57,10,0,11
BRDA:57,10,1,7
BRDA:74,11,0,1
BRDA:74,11,1,12
BRDA:98,12,0,1
BRDA:98,12,1,34
BRF:26
BRH:26
end_of_record
TN:
SF:controllers/users.js
FN:11,(anonymous_0)
FN:15,(anonymous_1)
FN:68,(anonymous_2)
FN:107,(anonymous_3)
FNF:4
FNH:0
FNDA:0,(anonymous_0)
FNDA:0,(anonymous_1)
FNDA:0,(anonymous_2)
FNDA:0,(anonymous_3)
DA:11,1
DA:12,0
DA:16,0
DA:17,0
DA:19,0
DA:20,0
DA:21,0
DA:27,0
DA:28,0
DA:29,0
DA:32,0
DA:33,0
DA:37,0
DA:39,0
DA:41,0
DA:42,0
DA:43,0
DA:46,0
DA:47,0
DA:51,0
DA:53,0
DA:56,0
DA:68,1
DA:69,0
DA:70,0
DA:71,0
DA:72,0
DA:73,0
DA:77,0
DA:78,0
DA:79,0
DA:80,0
DA:81,0
DA:82,0
DA:87,0
DA:92,0
DA:93,0
DA:94,0
DA:95,0
DA:101,0
DA:107,1
DA:108,0
DA:112,0
DA:113,0
DA:117,0
DA:118,0
DA:119,0
DA:120,0
DA:121,0
DA:122,0
DA:127,0
DA:130,0
LF:52
LH:3
BRDA:16,0,0,0
BRDA:16,0,1,0
BRDA:16,1,0,0
BRDA:16,1,1,0
BRDA:27,2,0,0
BRDA:27,2,1,0
BRDA:32,3,0,0
BRDA:32,3,1,0
BRDA:41,4,0,0
BRDA:41,4,1,0
BRDA:46,5,0,0
BRDA:46,5,1,0
BRDA:72,6,0,0
BRDA:72,6,1,0
BRF:14
BRH:0
end_of_record
TN:
SF:models/admin.js
FNF:0
FNH:0
DA:3,1
LF:1
LH:1
BRF:0
BRH:0
end_of_record
TN:
SF:models/poll.js
FNF:0
FNH:0
DA:3,1
DA:26,1
LF:2
LH:2
BRF:0
BRH:0
end_of_record
TN:
SF:models/student.js
FN:60,(anonymous_0)
FNF:1
FNH:0
FNDA:0,(anonymous_0)
DA:3,1
DA:60,1
DA:61,0
DA:62,0
DA:64,0
DA:69,0
DA:75,0
LF:7
LH:2
BRDA:61,0,0,0
BRDA:61,0,1,0
BRDA:61,1,0,0
BRDA:61,1,1,0
BRDA:64,2,0,0
BRDA:64,2,1,0
BRDA:65,3,0,0
BRDA:65,3,1,0
BRDA:65,3,2,0
BRF:9
BRH:0
end_of_record
TN:
SF:models/user.js
FN:40,(anonymous_0)
FN:45,(anonymous_1)
FN:55,(anonymous_2)
FNF:3
FNH:0
FNDA:0,(anonymous_0)
FNDA:0,(anonymous_1)
FNDA:0,(anonymous_2)
DA:5,1
DA:40,1
DA:41,0
DA:42,0
DA:45,1
DA:46,0
DA:47,0
DA:51,0
DA:52,0
DA:55,1
DA:56,0
LF:11
LH:4
BRF:0
BRH:0
end_of_record
TN:
SF:routes/polls.js
FNF:0
FNH:0
DA:4,1
DA:6,1
DA:8,1
DA:10,1
LF:4
LH:4
BRF:0
BRH:0
end_of_record
TN:
SF:routes/users.js
FNF:0
FNH:0
DA:11,1
DA:19,1
DA:27,1
DA:35,1
LF:4
LH:4
BRF:0
BRH:0
end_of_record
TN:
SF:utils/sendEmail.js
FN:5,(anonymous_0)
FN:22,(anonymous_1)
FNF:2
FNH:0
FNDA:0,(anonymous_0)
FNDA:0,(anonymous_1)
DA:3,1
DA:5,1
DA:6,0
DA:15,0
DA:22,0
DA:23,0
DA:24,0
DA:25,0
DA:26,0
DA:28,0
DA:31,0
LF:11
LH:2
BRDA:25,0,0,0
BRDA:25,0,1,0
BRDA:25,1,0,0
BRDA:25,1,1,0
BRDA:25,1,2,0
BRF:5
BRH:0
end_of_record
